This is pdfTeX, Version 3.14159265-2.6-1.40.20 (TeX Live 2019) (preloaded format=pdflatex 2020.2.17)  21 FEB 2020 14:05
entering extended mode
 restricted \write18 enabled.
 %&-line parsing enabled.
**cas-dc-template.tex
(./cas-dc-template.tex
LaTeX2e <2020-02-02> patch level 2
L3 programming layer <2020-02-14> (./cas-dc.cls
Document Class: cas-dc 2019/02/11, 1.0: Formatting class for CAS double column 
articles
\c@blind=\count167
\@bls=\dimen134
(/home/jflater/.TinyTeX/texmf-dist/tex/latex/base/article.cls
Document Class: article 2019/12/20 v1.4l Standard LaTeX document class
(/home/jflater/.TinyTeX/texmf-dist/tex/latex/base/fleqn.clo
File: fleqn.clo 2016/12/29 v1.2b Standard LaTeX option (flush left equations)
\mathindent=\dimen135
Applying: [2015/01/01] Make \[ robust on input line 50.
LaTeX Info: Redefining \[ on input line 51.
Already applied: [0000/00/00] Make \[ robust on input line 62.
Applying: [2015/01/01] Make \] robust on input line 74.
LaTeX Info: Redefining \] on input line 75.
Already applied: [0000/00/00] Make \] robust on input line 83.
)
(/home/jflater/.TinyTeX/texmf-dist/tex/latex/base/size10.clo
File: size10.clo 2019/12/20 v1.4l Standard LaTeX file (size option)
)
\c@part=\count168
\c@section=\count169
\c@subsection=\count170
\c@subsubsection=\count171
\c@paragraph=\count172
\c@subparagraph=\count173
\c@figure=\count174
\c@table=\count175
\abovecaptionskip=\skip47
\belowcaptionskip=\skip48
\bibindent=\dimen136
)
(/home/jflater/.TinyTeX/texmf-dist/tex/latex/graphics/graphicx.sty
Package: graphicx 2019/11/30 v1.2a Enhanced LaTeX Graphics (DPC,SPQR)

(/home/jflater/.TinyTeX/texmf-dist/tex/latex/graphics/keyval.sty
Package: keyval 2014/10/28 v1.15 key=value parser (DPC)
\KV@toks@=\toks14
)
(/home/jflater/.TinyTeX/texmf-dist/tex/latex/graphics/graphics.sty
Package: graphics 2019/11/30 v1.4a Standard LaTeX Graphics (DPC,SPQR)

(/home/jflater/.TinyTeX/texmf-dist/tex/latex/graphics/trig.sty
Package: trig 2016/01/03 v1.10 sin cos tan (DPC)
)
(/home/jflater/.TinyTeX/texmf-dist/tex/latex/graphics-cfg/graphics.cfg
File: graphics.cfg 2016/06/04 v1.11 sample graphics configuration
)
Package graphics Info: Driver file: pdftex.def on input line 105.

(/home/jflater/.TinyTeX/texmf-dist/tex/latex/graphics-def/pdftex.def
File: pdftex.def 2018/01/08 v1.0l Graphics/color driver for pdftex
))
\Gin@req@height=\dimen137
\Gin@req@width=\dimen138
)
(/home/jflater/.TinyTeX/texmf-dist/tex/latex/amsmath/amsmath.sty
Package: amsmath 2020/01/20 v2.17e AMS math features
\@mathmargin=\skip49

For additional information on amsmath, use the `?' option.
(/home/jflater/.TinyTeX/texmf-dist/tex/latex/amsmath/amstext.sty
Package: amstext 2000/06/29 v2.01 AMS text

(/home/jflater/.TinyTeX/texmf-dist/tex/latex/amsmath/amsgen.sty
File: amsgen.sty 1999/11/30 v2.0 generic functions
\@emptytoks=\toks15
\ex@=\dimen139
))
(/home/jflater/.TinyTeX/texmf-dist/tex/latex/amsmath/amsbsy.sty
Package: amsbsy 1999/11/29 v1.2d Bold Symbols
\pmbraise@=\dimen140
)
(/home/jflater/.TinyTeX/texmf-dist/tex/latex/amsmath/amsopn.sty
Package: amsopn 2016/03/08 v2.02 operator names
)
\inf@bad=\count176
LaTeX Info: Redefining \frac on input line 227.
\uproot@=\count177
\leftroot@=\count178
LaTeX Info: Redefining \overline on input line 389.
\classnum@=\count179
\DOTSCASE@=\count180
LaTeX Info: Redefining \ldots on input line 486.
LaTeX Info: Redefining \dots on input line 489.
LaTeX Info: Redefining \cdots on input line 610.
\Mathstrutbox@=\box45
\strutbox@=\box46
\big@size=\dimen141
LaTeX Font Info:    Redeclaring font encoding OML on input line 733.
LaTeX Font Info:    Redeclaring font encoding OMS on input line 734.
\macc@depth=\count181
\c@MaxMatrixCols=\count182
\dotsspace@=\muskip16
\c@parentequation=\count183
\dspbrk@lvl=\count184
\tag@help=\toks16
\row@=\count185
\column@=\count186
\maxfields@=\count187
\andhelp@=\toks17
\eqnshift@=\dimen142
\alignsep@=\dimen143
\tagshift@=\dimen144
\tagwidth@=\dimen145
\totwidth@=\dimen146
\lineht@=\dimen147
\@envbody=\toks18
\multlinegap=\skip50
\multlinetaggap=\skip51
\mathdisplay@stack=\toks19
LaTeX Info: Redefining \[ on input line 2859.
LaTeX Info: Redefining \] on input line 2860.
)
(/home/jflater/.TinyTeX/texmf-dist/tex/latex/amsfonts/amsfonts.sty
Package: amsfonts 2013/01/14 v3.01 Basic AMSFonts support
\symAMSa=\mathgroup4
\symAMSb=\mathgroup5
LaTeX Font Info:    Redeclaring math symbol \hbar on input line 98.
LaTeX Font Info:    Overwriting math alphabet `\mathfrak' in version `bold'
(Font)                  U/euf/m/n --> U/euf/b/n on input line 106.
)
(/home/jflater/.TinyTeX/texmf-dist/tex/latex/amsfonts/amssymb.sty
Package: amssymb 2013/01/14 v3.01 AMS font symbols
)
(/home/jflater/.TinyTeX/texmf-dist/tex/latex/l3kernel/expl3.sty
Package: expl3 2020-02-14 L3 programming layer (loader) 

(/home/jflater/.TinyTeX/texmf-dist/tex/latex/l3backend/l3backend-pdfmode.def
File: l3backend-pdfmode.def 2020-02-03 L3 backend support: PDF mode
\l__kernel_color_stack_int=\count188
\l__pdf_internal_box=\box47
))
(/home/jflater/.TinyTeX/texmf-dist/tex/latex/l3packages/xparse/xparse.sty
Package: xparse 2020-02-14 L3 Experimental document command parser
\l__xparse_current_arg_int=\count189
\g__xparse_grabber_int=\count190
\l__xparse_m_args_int=\count191
\l__xparse_v_nesting_int=\count192
)
(/home/jflater/.TinyTeX/texmf-dist/tex/latex/etoolbox/etoolbox.sty
Package: etoolbox 2019/09/21 v2.5h e-TeX tools for LaTeX (JAW)
\etb@tempcnta=\count193
)
(/home/jflater/.TinyTeX/texmf-dist/tex/latex/preprint/balance.sty
Package: balance 1999/02/23 4.3 (PWD)
\oldvsize=\dimen148
)
(/home/jflater/.TinyTeX/texmf-dist/tex/latex/booktabs/booktabs.sty
Package: booktabs 2020/01/12 v1.61803398 Publication quality tables
\heavyrulewidth=\dimen149
\lightrulewidth=\dimen150
\cmidrulewidth=\dimen151
\belowrulesep=\dimen152
\belowbottomsep=\dimen153
\aboverulesep=\dimen154
\abovetopsep=\dimen155
\cmidrulesep=\dimen156
\cmidrulekern=\dimen157
\defaultaddspace=\dimen158
\@cmidla=\count194
\@cmidlb=\count195
\@aboverulesep=\dimen159
\@belowrulesep=\dimen160
\@thisruleclass=\count196
\@lastruleclass=\count197
\@thisrulewidth=\dimen161
)
(/home/jflater/.TinyTeX/texmf-dist/tex/latex/makecell/makecell.sty
Package: makecell 2009/08/03 V0.1e Managing of Tab Column Heads and Cells

(/home/jflater/.TinyTeX/texmf-dist/tex/latex/tools/array.sty
Package: array 2019/08/31 v2.4l Tabular extension package (FMi)
\col@sep=\dimen162
\ar@mcellbox=\box48
\extrarowheight=\dimen163
\NC@list=\toks20
\extratabsurround=\skip52
\backup@length=\skip53
\ar@cellbox=\box49
)
\rotheadsize=\dimen164
\c@nlinenum=\count198
\TeXr@lab=\toks21
)
(/home/jflater/.TinyTeX/texmf-dist/tex/latex/multirow/multirow.sty
Package: multirow 2019/05/31 v2.5 Span multiple rows of a table
\multirow@colwidth=\skip54
\multirow@cntb=\count199
\multirow@dima=\skip55
\bigstrutjot=\dimen165
)
(/home/jflater/.TinyTeX/texmf-dist/tex/latex/colortbl/colortbl.sty
Package: colortbl 2020/01/04 v1.0e Color table columns (DPC)

(/home/jflater/.TinyTeX/texmf-dist/tex/latex/graphics/color.sty
Package: color 2019/11/23 v1.2a Standard LaTeX Color (DPC)

(/home/jflater/.TinyTeX/texmf-dist/tex/latex/graphics-cfg/color.cfg
File: color.cfg 2016/01/02 v1.6 sample color configuration
)
Package color Info: Driver file: pdftex.def on input line 147.
)
\everycr=\toks22
\minrowclearance=\skip56
)
(/home/jflater/.TinyTeX/texmf-dist/tex/latex/tools/dcolumn.sty
Package: dcolumn 2014/10/28 v1.06 decimal alignment package (DPC)
)
(/home/jflater/.TinyTeX/texmf-dist/tex/latex/sttools/stfloats.sty
Package: stfloats 2017/03/27 v3.3 Improve float mechanism and baselineskip sett
ings
\@dblbotnum=\count266
\c@dblbotnumber=\count267
)
(/home/jflater/.TinyTeX/texmf-dist/tex/latex/tools/xspace.sty
Package: xspace 2014/10/28 v1.13 Space after command names (DPC,MH)
)
(/home/jflater/.TinyTeX/texmf-dist/tex/generic/xstring/xstring.sty
(/home/jflater/.TinyTeX/texmf-dist/tex/generic/xstring/xstring.tex
\integerpart=\count268
\decimalpart=\count269
)
Package: xstring 2019/02/06 v1.83 String manipulations (CT)
)
(/home/jflater/.TinyTeX/texmf-dist/tex/latex/footmisc/footmisc.sty
Package: footmisc 2011/06/06 v5.5b a miscellany of footnote facilities
\FN@temptoken=\toks23
\footnotemargin=\dimen166
\c@pp@next@reset=\count270
Package footmisc Info: Declaring symbol style bringhurst on input line 855.
Package footmisc Info: Declaring symbol style chicago on input line 863.
Package footmisc Info: Declaring symbol style wiley on input line 872.
Package footmisc Info: Declaring symbol style lamport-robust on input line 883.

Package footmisc Info: Declaring symbol style lamport* on input line 903.
Package footmisc Info: Declaring symbol style lamport*-robust on input line 924
.
)
(/home/jflater/.TinyTeX/texmf-dist/tex/latex/xcolor/xcolor.sty
Package: xcolor 2016/05/11 v2.12 LaTeX color extensions (UK)

(/home/jflater/.TinyTeX/texmf-dist/tex/latex/graphics-cfg/color.cfg
File: color.cfg 2016/01/02 v1.6 sample color configuration
)
Package xcolor Info: Driver file: pdftex.def on input line 225.
LaTeX Info: Redefining \color on input line 709.
Package xcolor Info: Model `cmy' substituted by `cmy0' on input line 1348.
Package xcolor Info: Model `hsb' substituted by `rgb' on input line 1352.
Package xcolor Info: Model `RGB' extended on input line 1364.
Package xcolor Info: Model `HTML' substituted by `rgb' on input line 1366.
Package xcolor Info: Model `Hsb' substituted by `hsb' on input line 1367.
Package xcolor Info: Model `tHsb' substituted by `hsb' on input line 1368.
Package xcolor Info: Model `HSB' substituted by `hsb' on input line 1369.
Package xcolor Info: Model `Gray' substituted by `gray' on input line 1370.
Package xcolor Info: Model `wave' substituted by `hsb' on input line 1371.

(/home/jflater/.TinyTeX/texmf-dist/tex/latex/graphics/dvipsnam.def
File: dvipsnam.def 2016/06/17 v3.0m Driver-dependent file (DPC,SPQR)
)
(/home/jflater/.TinyTeX/texmf-dist/tex/latex/xcolor/svgnam.def
File: svgnam.def 2016/05/11 v2.12 Predefined colors according to SVG 1.1 (UK)
))
(/home/jflater/.TinyTeX/texmf-dist/tex/latex/hyperref/hyperref.sty
Package: hyperref 2020/01/14 v7.00d Hypertext links for LaTeX

(/home/jflater/.TinyTeX/texmf-dist/tex/generic/ltxcmds/ltxcmds.sty
Package: ltxcmds 2019/12/15 v1.24 LaTeX kernel commands for general use (HO)
)
(/home/jflater/.TinyTeX/texmf-dist/tex/generic/iftex/iftex.sty
Package: iftex 2019/11/07 v1.0c TeX engine tests
)
(/home/jflater/.TinyTeX/texmf-dist/tex/latex/pdftexcmds/pdftexcmds.sty
Package: pdftexcmds 2019/11/24 v0.31 Utility functions of pdfTeX for LuaTeX (HO
)

(/home/jflater/.TinyTeX/texmf-dist/tex/generic/infwarerr/infwarerr.sty
Package: infwarerr 2019/12/03 v1.5 Providing info/warning/error messages (HO)
)
Package pdftexcmds Info: \pdf@primitive is available.
Package pdftexcmds Info: \pdf@ifprimitive is available.
Package pdftexcmds Info: \pdfdraftmode found.
)
(/home/jflater/.TinyTeX/texmf-dist/tex/generic/kvsetkeys/kvsetkeys.sty
Package: kvsetkeys 2019/12/15 v1.18 Key value parser (HO)
)
(/home/jflater/.TinyTeX/texmf-dist/tex/generic/kvdefinekeys/kvdefinekeys.sty
Package: kvdefinekeys 2019-12-19 v1.6 Define keys (HO)
)
(/home/jflater/.TinyTeX/texmf-dist/tex/generic/pdfescape/pdfescape.sty
Package: pdfescape 2019/12/09 v1.15 Implements pdfTeX's escape features (HO)
)
(/home/jflater/.TinyTeX/texmf-dist/tex/latex/hycolor/hycolor.sty
Package: hycolor 2020-01-27 v1.10 Color options for hyperref/bookmark (HO)
)
(/home/jflater/.TinyTeX/texmf-dist/tex/latex/letltxmacro/letltxmacro.sty
Package: letltxmacro 2019/12/03 v1.6 Let assignment for LaTeX macros (HO)
)
(/home/jflater/.TinyTeX/texmf-dist/tex/latex/auxhook/auxhook.sty
Package: auxhook 2019-12-17 v1.6 Hooks for auxiliary files (HO)
)
(/home/jflater/.TinyTeX/texmf-dist/tex/latex/kvoptions/kvoptions.sty
Package: kvoptions 2019/11/29 v3.13 Key value format for package options (HO)
)
\@linkdim=\dimen167
\Hy@linkcounter=\count271
\Hy@pagecounter=\count272

(/home/jflater/.TinyTeX/texmf-dist/tex/latex/hyperref/pd1enc.def
File: pd1enc.def 2020/01/14 v7.00d Hyperref: PDFDocEncoding definition (HO)
Now handling font encoding PD1 ...
... no UTF-8 mapping file for font encoding PD1
)
(/home/jflater/.TinyTeX/texmf-dist/tex/generic/intcalc/intcalc.sty
Package: intcalc 2019/12/15 v1.3 Expandable calculations with integers (HO)
)
(/home/jflater/.TinyTeX/texmf-dist/tex/generic/etexcmds/etexcmds.sty
Package: etexcmds 2019/12/15 v1.7 Avoid name clashes with e-TeX commands (HO)
)
\Hy@SavedSpaceFactor=\count273
\pdfmajorversion=\count274
Package hyperref Info: Option `colorlinks' set `true' on input line 4421.
Package hyperref Info: Hyper figures OFF on input line 4547.
Package hyperref Info: Link nesting OFF on input line 4552.
Package hyperref Info: Hyper index ON on input line 4555.
Package hyperref Info: Plain pages OFF on input line 4562.
Package hyperref Info: Backreferencing OFF on input line 4567.
Package hyperref Info: Implicit mode ON; LaTeX internals redefined.
Package hyperref Info: Bookmarks ON on input line 4800.
\c@Hy@tempcnt=\count275

(/home/jflater/.TinyTeX/texmf-dist/tex/latex/url/url.sty
\Urlmuskip=\muskip17
Package: url 2013/09/16  ver 3.4  Verb mode for urls, etc.
)
LaTeX Info: Redefining \url on input line 5159.
\XeTeXLinkMargin=\dimen168

(/home/jflater/.TinyTeX/texmf-dist/tex/generic/bitset/bitset.sty
Package: bitset 2019/12/09 v1.3 Handle bit-vector datatype (HO)

(/home/jflater/.TinyTeX/texmf-dist/tex/generic/bigintcalc/bigintcalc.sty
Package: bigintcalc 2019/12/15 v1.5 Expandable calculations on big integers (HO
)
))
\Fld@menulength=\count276
\Field@Width=\dimen169
\Fld@charsize=\dimen170
Package hyperref Info: Hyper figures OFF on input line 6430.
Package hyperref Info: Link nesting OFF on input line 6435.
Package hyperref Info: Hyper index ON on input line 6438.
Package hyperref Info: backreferencing OFF on input line 6445.
Package hyperref Info: Link coloring ON on input line 6448.
Package hyperref Info: Link coloring with OCG OFF on input line 6455.
Package hyperref Info: PDF/A mode OFF on input line 6460.
LaTeX Info: Redefining \ref on input line 6500.
LaTeX Info: Redefining \pageref on input line 6504.

(/home/jflater/.TinyTeX/texmf-dist/tex/generic/atbegshi/atbegshi.sty
Package: atbegshi 2019/12/05 v1.19 At begin shipout hook (HO)
)
\Hy@abspage=\count277
\c@Item=\count278
\c@Hfootnote=\count279
)
Package hyperref Info: Driver (autodetected): hpdftex.

(/home/jflater/.TinyTeX/texmf-dist/tex/latex/hyperref/hpdftex.def
File: hpdftex.def 2020/01/14 v7.00d Hyperref driver for pdfTeX

(/home/jflater/.TinyTeX/texmf-dist/tex/latex/atveryend/atveryend.sty
Package: atveryend 2019-12-11 v1.11 Hooks at the very end of document (HO)
)
\Fld@listcount=\count280
\c@bookmark@seq@number=\count281

(/home/jflater/.TinyTeX/texmf-dist/tex/latex/rerunfilecheck/rerunfilecheck.sty
Package: rerunfilecheck 2019/12/05 v1.9 Rerun checks for auxiliary files (HO)

(/home/jflater/.TinyTeX/texmf-dist/tex/generic/uniquecounter/uniquecounter.sty
Package: uniquecounter 2019/12/15 v1.4 Provide unlimited unique counter (HO)
)
Package uniquecounter Info: New unique counter `rerunfilecheck' on input line 2
86.
)
\Hy@SectionHShift=\skip57
) (./cas-common.sty
\l_stm_title_before_dim=\dimen171
\l_stm_title_after_dim=\dimen172
\g_ead_int=\count282
\g_uad_int=\count283
\@eadauthor=\toks24
\g_stm_tnote_int=\count284
\g_stm_fnote_int=\count285
\g_stm_cor_int=\count286
\g_stm_au_int=\count287
\g_stm_aau_int=\count288
\l_autype_int=\count289
\l_stm_augroup_before_dim=\dimen173
\l_stm_augroup_after_dim=\dimen174
\l_stm_augroup_lskip_tl=\dimen175
\l_stm_augroup_rskip_tl=\dimen176
\g_stm_aff_int=\count290
\l_stm_aff_before_dim=\dimen177
\l_stm_aff_after_dim=\dimen178
\l_stm_aff_lskip_dim=\dimen179
\l_stm_aff_rskip_dim=\dimen180
\g_stm_augr_int=\count291
\g_stm_aaugr_int=\count292

(/home/jflater/.TinyTeX/texmf-dist/tex/latex/moreverb/moreverb.sty
Package: moreverb 2008/06/03 v2.3a `more' verbatim facilities

(/home/jflater/.TinyTeX/texmf-dist/tex/latex/tools/verbatim.sty
Package: verbatim 2019/11/10 v1.5r LaTeX2e package for verbatim enhancements
\every@verbatim=\toks25
\verbatim@line=\toks26
\verbatim@in@stream=\read2
)
\tab@position=\count293
\tab@size=\count294
\listing@line=\count295
)
\g_stm_abs_box=\box50
\casgrabsbox=\box51
\casauhlbox=\box52
\g_stm_key_box=\box53
\g_stm_jtype_int=\count296
\g_stm_blind_int=\count297
\c@au=\count298
\c@cnote=\count299
\c@tnote=\count300
\c@fnote=\count301
\c@aff=\count302
\g_stm_notes_box=\box54
\g_stm_front_box=\box55
\paraindent=\dimen181
\subparaindent=\dimen182
\FullWidth=\dimen183
\l_tbl_width_dim=\dimen184
\l_tbl_abovecap_skip=\skip58
\l_tbl_belowcap_skip=\skip59
\l_tbl_abovetbl_skip=\skip60
\l_tbl_belowtbl_skip=\skip61
\l_fig_width_dim=\dimen185
\l_fig_abovecap_skip=\skip62
\l_fig_belowcap_skip=\skip63
\l_fig_abovefig_skip=\skip64
\l_fig_belowfig_skip=\skip65

(/home/jflater/.TinyTeX/texmf-dist/tex/latex/wrapfig/wrapfig.sty
\wrapoverhang=\dimen186
\WF@size=\dimen187
\c@WF@wrappedlines=\count303
\WF@box=\box56
\WF@everypar=\toks27
Package: wrapfig 2003/01/31  v 3.6
)
\l_wrap_figwidth_dim=\dimen188
\l_wrap_fighspace_dim=\dimen189
\l_wrap_figvspace_dim=\dimen190
\l_wrap_fighcorr_dim=\dimen191
\l_wrap_figvcorr_dim=\dimen192
\l_above_bio_dim=\dimen193
\l_wrap_figlcorr_int=\count304
\l_wrap_figlines_int=\count305
\l_bio_text_box=\box57
\c@ca_biography_ctr=\count306
\l_ca_temp_inta=\count307
\leftMargin=\dimen194
\@enLab=\toks28
\@sep=\skip66
\@@sep=\skip67
)
(/home/jflater/.TinyTeX/texmf-dist/tex/latex/base/fontenc.sty
Package: fontenc 2020/02/11 v2.0o Standard LaTeX package
)
***********************************************************
 Stix and Charis fonts are not available 
 in TeX system. Hence CMR fonts are used.
***********************************************************
(/home/jflater/.TinyTeX/texmf-dist/tex/latex/inconsolata/inconsolata.sty
Package: inconsolata 2019/05/17 v1.12

`inconsolata-zi4' v1.12, 2019/05/17 Text macros for Inconsolata (msharpe)
(/home/jflater/.TinyTeX/texmf-dist/tex/latex/base/textcomp.sty
Package: textcomp 2020/02/02 v2.0n Standard LaTeX package
)
(/home/jflater/.TinyTeX/texmf-dist/tex/latex/xkeyval/xkeyval.sty
Package: xkeyval 2014/12/03 v2.7a package option processing (HA)

(/home/jflater/.TinyTeX/texmf-dist/tex/generic/xkeyval/xkeyval.tex
(/home/jflater/.TinyTeX/texmf-dist/tex/generic/xkeyval/xkvutils.tex
\XKV@toks=\toks29
\XKV@tempa@toks=\toks30
)
\XKV@depth=\count308
File: xkeyval.tex 2014/12/03 v2.7a key=value parser (HA)
))
\zifour@ocount=\count309
)
(/home/jflater/.TinyTeX/texmf-dist/tex/latex/geometry/geometry.sty
Package: geometry 2020/01/02 v5.9 Page Geometry

(/home/jflater/.TinyTeX/texmf-dist/tex/generic/iftex/ifvtex.sty
Package: ifvtex 2019/10/25 v1.7 ifvtex legacy package. Use iftex instead.
)
\Gm@cnth=\count310
\Gm@cntv=\count311
\c@Gm@tempcnt=\count312
\Gm@bindingoffset=\dimen195
\Gm@wd@mp=\dimen196
\Gm@odd@mp=\dimen197
\Gm@even@mp=\dimen198
\Gm@layoutwidth=\dimen199
\Gm@layoutheight=\dimen256
\Gm@layouthoffset=\dimen257
\Gm@layoutvoffset=\dimen258
\Gm@dimlist=\toks31
))
(/home/jflater/.TinyTeX/texmf-dist/tex/latex/natbib/natbib.sty
Package: natbib 2010/09/13 8.31b (PWD, AO)
\bibhang=\skip68
\bibsep=\skip69
LaTeX Info: Redefining \cite on input line 694.
\c@NAT@ctr=\count313
)
(./cas-dc-template.aux)
\openout1 = `cas-dc-template.aux'.

LaTeX Font Info:    Checking defaults for OML/cmm/m/it on input line 37.
LaTeX Font Info:    ... okay on input line 37.
LaTeX Font Info:    Checking defaults for OMS/cmsy/m/n on input line 37.
LaTeX Font Info:    ... okay on input line 37.
LaTeX Font Info:    Checking defaults for OT1/cmr/m/n on input line 37.
LaTeX Font Info:    ... okay on input line 37.
LaTeX Font Info:    Checking defaults for T1/cmr/m/n on input line 37.
LaTeX Font Info:    ... okay on input line 37.
LaTeX Font Info:    Checking defaults for TS1/cmr/m/n on input line 37.
LaTeX Font Info:    ... okay on input line 37.
LaTeX Font Info:    Checking defaults for OMX/cmex/m/n on input line 37.
LaTeX Font Info:    ... okay on input line 37.
LaTeX Font Info:    Checking defaults for U/cmr/m/n on input line 37.
LaTeX Font Info:    ... okay on input line 37.
LaTeX Font Info:    Checking defaults for PD1/pdf/m/n on input line 37.
LaTeX Font Info:    ... okay on input line 37.

(/home/jflater/.TinyTeX/texmf-dist/tex/latex/epstopdf-pkg/epstopdf-base.sty
Package: epstopdf-base 2020-01-24 v2.11 Base part for package epstopdf

(/home/jflater/.TinyTeX/texmf-dist/tex/latex/grfext/grfext.sty
Package: grfext 2019/12/03 v1.3 Manage graphics extensions (HO)
)
Package epstopdf-base Info: Redefining graphics rule for `.eps' on input line 4
85.
Package grfext Info: Graphics extension search list:
(grfext)             [.pdf,.png,.jpg,.mps,.jpeg,.jbig2,.jb2,.PDF,.PNG,.JPG,.JPE
G,.JBIG2,.JB2,.eps]
(grfext)             \AppendGraphicsExtensions on input line 504.

(/home/jflater/.TinyTeX/texmf-dist/tex/latex/latexconfig/epstopdf-sys.cfg
File: epstopdf-sys.cfg 2010/07/13 v1.3 Configuration of (r)epstopdf for TeX Liv
e
))
\AtBeginShipoutBox=\box58
Package hyperref Info: Link coloring ON on input line 37.

(/home/jflater/.TinyTeX/texmf-dist/tex/latex/hyperref/nameref.sty
Package: nameref 2019/09/16 v2.46 Cross-referencing by name of section

(/home/jflater/.TinyTeX/texmf-dist/tex/latex/refcount/refcount.sty
Package: refcount 2019/12/15 v3.6 Data extraction from label references (HO)
)
(/home/jflater/.TinyTeX/texmf-dist/tex/generic/gettitlestring/gettitlestring.st
y
Package: gettitlestring 2019/12/15 v1.6 Cleanup title references (HO)
)
\c@section@level=\count314
)
LaTeX Info: Redefining \ref on input line 37.
LaTeX Info: Redefining \pageref on input line 37.
LaTeX Info: Redefining \nameref on input line 37.
 (./cas-dc-template.out) (./cas-dc-template.out)
\@outlinefile=\write3
\openout3 = `cas-dc-template.out'.


(/home/jflater/.TinyTeX/texmf-dist/tex/latex/upquote/upquote.sty
Package: upquote 2012/04/19 v1.3 upright-quote and grave-accent glyphs in verba
tim
)
*geometry* driver: auto-detecting
*geometry* detected driver: pdftex
*geometry* verbose mode - [ preamble ] result:
* driver: pdftex
* paper: custom
* layout: <same size as paper>
* layoutoffset:(h,v)=(0.0pt,0.0pt)
* modes: 
* h-part:(L,W,R)=(51.4995pt, 494.50888pt, 51.4995pt)
* v-part:(T,H,B)=(55.48286pt, 689.4103pt, 51.784pt)
* \paperwidth=597.50787pt
* \paperheight=796.67715pt
* \textwidth=494.50888pt
* \textheight=689.4103pt
* \oddsidemargin=-20.7705pt
* \evensidemargin=-20.7705pt
* \topmargin=-40.78712pt
* \headheight=12.0pt
* \headsep=12.0pt
* \topskip=10.0pt
* \footskip=12.0pt
* \marginparwidth=57.0pt
* \marginparsep=11.0pt
* \columnsep=18.0pt
* \skip\footins=9.0pt plus 4.0pt minus 2.0pt
* \hoffset=0.0pt
* \voffset=0.0pt
* \mag=1000
* \@twocolumnfalse
* \@twosidefalse
* \@mparswitchfalse
* \@reversemarginfalse
* (1in=72.27pt=25.4mm, 1cm=28.453pt)


! LaTeX3 Error: '\msg_term:n' deprecated on 2020-01-01. Use '\iow_term:n '.
(LaTeX3)        For 6 months after that date one can restore a deprecated
(LaTeX3)        command by loading the expl3 package with the option
(LaTeX3)        'undo-recent-deprecations'.

Type <return> to continue.
 ...                                              
                                                  
l.48 ...unded by the National Science Foundation.}
                                                  
? 

! LaTeX3 Error: '\msg_term:n' deprecated on 2020-01-01. Use '\iow_term:n '.
(LaTeX3)        For 6 months after that date one can restore a deprecated
(LaTeX3)        command by loading the expl3 package with the option
(LaTeX3)        'undo-recent-deprecations'.

Type <return> to continue.
 ...                                              
                                                  
l.52 ... in the footnotes area of the first page.}
                                                  
? 

! LaTeX3 Error: '\msg_term:n' deprecated on 2020-01-01. Use '\iow_term:n '.
(LaTeX3)        For 6 months after that date one can restore a deprecated
(LaTeX3)        command by loading the expl3 package with the option
(LaTeX3)        'undo-recent-deprecations'.

Type <return> to continue.
 ...                                              
                                                  
l.95 \cortext[cor1]{Corresponding author}
                                         
? 

! LaTeX3 Error: '\msg_term:n' deprecated on 2020-01-01. Use '\iow_term:n '.
(LaTeX3)        For 6 months after that date one can restore a deprecated
(LaTeX3)        command by loading the expl3 package with the option
(LaTeX3)        'undo-recent-deprecations'.

Type <return> to continue.
 ...                                              
                                                  
l.96 ...text[cor2]{Principal corresponding author}
                                                  
? 

! LaTeX3 Error: '\msg_term:n' deprecated on 2020-01-01. Use '\iow_term:n '.
(LaTeX3)        For 6 months after that date one can restore a deprecated
(LaTeX3)        command by loading the expl3 package with the option
(LaTeX3)        'undo-recent-deprecations'.

Type <return> to continue.
 ...                                              
                                                  
l.98   author as well.}
                       
? 

! LaTeX3 Error: '\msg_term:n' deprecated on 2020-01-01. Use '\iow_term:n '.
(LaTeX3)        For 6 months after that date one can restore a deprecated
(LaTeX3)        command by loading the expl3 package with the option
(LaTeX3)        'undo-recent-deprecations'.

Type <return> to continue.
 ...                                              
                                                  
l.101 ...ough to make two lines of footnote text.}
                                                  
? 
\verbatim@out=\write4
\openout4 = `cas-dc-template.abs'.

)
Runaway argument?
! File ended while scanning use of \next.
<inserted text> 
                \par 
<*> cas-dc-template.tex
                       
? 

*
(Please type a command or say `\end')
*
(Please type a command or say `\end')
*
(Please type a command or say `\end')
*
(Please type a command or say `\end')
*
(Please type a command or say `\end')
*
(Please type a command or say `\end')
*
(Please type a command or say `\end')
*
(Please type a command or say `\end')
*
(Please type a command or say `\end')
*
(Please type a command or say `\end')
*\end

*`\end`

*end

*
! Emergency stop.
<*> end
       
End of file on the terminal!

 
Here is how much of TeX's memory you used:
 10535 strings out of 483158
 159842 string characters out of 5964881
 440489 words of memory out of 5000000
 25365 multiletter control sequences out of 15000+600000
 533101 words of font info for 25 fonts, out of 8000000 for 9000
 14 hyphenation exceptions out of 8191
 45i,1n,73p,856b,266s stack positions out of 5000i,500n,10000p,200000b,80000s
!  ==> Fatal error occurred, no output PDF file produced!
